{"/Users/pavelmakarov/Documents/GitHub/weatherAPI_18_11_2023/src/addInfoToList.js": {"path":"/Users/pavelmakarov/Documents/GitHub/weatherAPI_18_11_2023/src/addInfoToList.js","statementMap":{"0":{"start":{"line":8,"column":29},"end":{"line":20,"column":1}},"1":{"start":{"line":9,"column":18},"end":{"line":9,"column":75}},"2":{"start":{"line":10,"column":13},"end":{"line":10,"column":30}},"3":{"start":{"line":11,"column":17},"end":{"line":11,"column":29}},"4":{"start":{"line":12,"column":13},"end":{"line":12,"column":36}},"5":{"start":{"line":13,"column":2},"end":{"line":15,"column":3}},"6":{"start":{"line":14,"column":4},"end":{"line":14,"column":17}},"7":{"start":{"line":16,"column":2},"end":{"line":16,"column":38}},"8":{"start":{"line":17,"column":2},"end":{"line":17,"column":35}},"9":{"start":{"line":18,"column":2},"end":{"line":18,"column":39}},"10":{"start":{"line":19,"column":2},"end":{"line":19,"column":29}},"11":{"start":{"line":22,"column":40},"end":{"line":47,"column":1}},"12":{"start":{"line":23,"column":19},"end":{"line":28,"column":6}},"13":{"start":{"line":24,"column":18},"end":{"line":24,"column":27}},"14":{"start":{"line":25,"column":24},"end":{"line":28,"column":5}},"15":{"start":{"line":29,"column":15},"end":{"line":31,"column":38}},"16":{"start":{"line":30,"column":18},"end":{"line":30,"column":27}},"17":{"start":{"line":31,"column":24},"end":{"line":31,"column":37}},"18":{"start":{"line":32,"column":18},"end":{"line":32,"column":46}},"19":{"start":{"line":33,"column":2},"end":{"line":35,"column":87}},"20":{"start":{"line":36,"column":2},"end":{"line":36,"column":26}},"21":{"start":{"line":37,"column":13},"end":{"line":37,"column":30}},"22":{"start":{"line":38,"column":17},"end":{"line":38,"column":29}},"23":{"start":{"line":39,"column":13},"end":{"line":39,"column":36}},"24":{"start":{"line":40,"column":2},"end":{"line":42,"column":3}},"25":{"start":{"line":41,"column":4},"end":{"line":41,"column":17}},"26":{"start":{"line":43,"column":2},"end":{"line":43,"column":38}},"27":{"start":{"line":44,"column":2},"end":{"line":44,"column":39}},"28":{"start":{"line":45,"column":2},"end":{"line":45,"column":29}},"29":{"start":{"line":46,"column":2},"end":{"line":46,"column":35}}},"fnMap":{"0":{"name":"(anonymous_0)","decl":{"start":{"line":8,"column":29},"end":{"line":8,"column":30}},"loc":{"start":{"line":8,"column":69},"end":{"line":20,"column":1}},"line":8},"1":{"name":"(anonymous_1)","decl":{"start":{"line":22,"column":40},"end":{"line":22,"column":41}},"loc":{"start":{"line":22,"column":73},"end":{"line":47,"column":1}},"line":22},"2":{"name":"(anonymous_2)","decl":{"start":{"line":24,"column":10},"end":{"line":24,"column":11}},"loc":{"start":{"line":24,"column":18},"end":{"line":24,"column":27}},"line":24},"3":{"name":"(anonymous_3)","decl":{"start":{"line":25,"column":10},"end":{"line":25,"column":11}},"loc":{"start":{"line":25,"column":24},"end":{"line":28,"column":5}},"line":25},"4":{"name":"(anonymous_4)","decl":{"start":{"line":30,"column":10},"end":{"line":30,"column":11}},"loc":{"start":{"line":30,"column":18},"end":{"line":30,"column":27}},"line":30},"5":{"name":"(anonymous_5)","decl":{"start":{"line":31,"column":10},"end":{"line":31,"column":11}},"loc":{"start":{"line":31,"column":24},"end":{"line":31,"column":37}},"line":31}},"branchMap":{"0":{"loc":{"start":{"line":13,"column":2},"end":{"line":15,"column":3}},"type":"if","locations":[{"start":{"line":13,"column":2},"end":{"line":15,"column":3}},{"start":{},"end":{}}],"line":13},"1":{"loc":{"start":{"line":40,"column":2},"end":{"line":42,"column":3}},"type":"if","locations":[{"start":{"line":40,"column":2},"end":{"line":42,"column":3}},{"start":{},"end":{}}],"line":40}},"s":{"0":1,"1":0,"2":0,"3":0,"4":0,"5":0,"6":0,"7":0,"8":0,"9":0,"10":0,"11":1,"12":1,"13":0,"14":0,"15":1,"16":0,"17":0,"18":1,"19":0,"20":0,"21":0,"22":0,"23":0,"24":0,"25":0,"26":0,"27":0,"28":0,"29":0},"f":{"0":0,"1":1,"2":0,"3":0,"4":0,"5":0},"b":{"0":[0,0],"1":[0,0]},"_coverageSchema":"1a1c01bbd47fc00a2c39e90264f33305004495a9","hash":"430d357999b63365381bc18f5428cd886ce6433c"}
,"/Users/pavelmakarov/Documents/GitHub/weatherAPI_18_11_2023/src/button.js": {"path":"/Users/pavelmakarov/Documents/GitHub/weatherAPI_18_11_2023/src/button.js","statementMap":{"0":{"start":{"line":4,"column":25},"end":{"line":12,"column":1}},"1":{"start":{"line":5,"column":13},"end":{"line":5,"column":41}},"2":{"start":{"line":6,"column":17},"end":{"line":6,"column":49}},"3":{"start":{"line":7,"column":2},"end":{"line":7,"column":27}},"4":{"start":{"line":8,"column":2},"end":{"line":8,"column":52}},"5":{"start":{"line":9,"column":2},"end":{"line":9,"column":20}},"6":{"start":{"line":10,"column":2},"end":{"line":10,"column":29}},"7":{"start":{"line":11,"column":2},"end":{"line":11,"column":49}},"8":{"start":{"line":13,"column":30},"end":{"line":22,"column":1}},"9":{"start":{"line":14,"column":2},"end":{"line":21,"column":3}},"10":{"start":{"line":14,"column":15},"end":{"line":14,"column":16}},"11":{"start":{"line":15,"column":15},"end":{"line":15,"column":43}},"12":{"start":{"line":16,"column":19},"end":{"line":16,"column":51}},"13":{"start":{"line":17,"column":4},"end":{"line":17,"column":40}},"14":{"start":{"line":18,"column":4},"end":{"line":18,"column":22}},"15":{"start":{"line":19,"column":4},"end":{"line":19,"column":31}},"16":{"start":{"line":20,"column":4},"end":{"line":20,"column":51}}},"fnMap":{"0":{"name":"(anonymous_0)","decl":{"start":{"line":4,"column":25},"end":{"line":4,"column":26}},"loc":{"start":{"line":4,"column":52},"end":{"line":12,"column":1}},"line":4},"1":{"name":"(anonymous_1)","decl":{"start":{"line":13,"column":30},"end":{"line":13,"column":31}},"loc":{"start":{"line":13,"column":57},"end":{"line":22,"column":1}},"line":13}},"branchMap":{},"s":{"0":1,"1":4,"2":4,"3":4,"4":4,"5":4,"6":4,"7":4,"8":1,"9":3,"10":3,"11":6,"12":6,"13":6,"14":6,"15":6,"16":6},"f":{"0":4,"1":3},"b":{},"_coverageSchema":"1a1c01bbd47fc00a2c39e90264f33305004495a9","hash":"1ca3905b6e89edd2825ac3e0a24d145568d71688"}
,"/Users/pavelmakarov/Documents/GitHub/weatherAPI_18_11_2023/src/deleteCityes.js": {"path":"/Users/pavelmakarov/Documents/GitHub/weatherAPI_18_11_2023/src/deleteCityes.js","statementMap":{"0":{"start":{"line":2,"column":2},"end":{"line":8,"column":7}},"1":{"start":{"line":5,"column":6},"end":{"line":5,"column":27}},"2":{"start":{"line":6,"column":6},"end":{"line":6,"column":50}},"3":{"start":{"line":7,"column":6},"end":{"line":7,"column":24}}},"fnMap":{"0":{"name":"deleteCityes","decl":{"start":{"line":1,"column":22},"end":{"line":1,"column":34}},"loc":{"start":{"line":1,"column":37},"end":{"line":9,"column":1}},"line":1},"1":{"name":"(anonymous_1)","decl":{"start":{"line":4,"column":31},"end":{"line":4,"column":32}},"loc":{"start":{"line":4,"column":43},"end":{"line":8,"column":5}},"line":4}},"branchMap":{},"s":{"0":4,"1":0,"2":0,"3":0},"f":{"0":4,"1":0},"b":{},"_coverageSchema":"1a1c01bbd47fc00a2c39e90264f33305004495a9","hash":"913e26d59d19be2ecb0179dd6ae0150618f7aa15"}
,"/Users/pavelmakarov/Documents/GitHub/weatherAPI_18_11_2023/src/getWeather.js": {"path":"/Users/pavelmakarov/Documents/GitHub/weatherAPI_18_11_2023/src/getWeather.js","statementMap":{"0":{"start":{"line":3,"column":26},"end":{"line":10,"column":1}},"1":{"start":{"line":4,"column":17},"end":{"line":7,"column":3}},"2":{"start":{"line":8,"column":18},"end":{"line":8,"column":37}},"3":{"start":{"line":9,"column":2},"end":{"line":9,"column":17}}},"fnMap":{"0":{"name":"(anonymous_0)","decl":{"start":{"line":3,"column":26},"end":{"line":3,"column":27}},"loc":{"start":{"line":3,"column":42},"end":{"line":10,"column":1}},"line":3}},"branchMap":{},"s":{"0":1,"1":3,"2":0,"3":0},"f":{"0":3},"b":{},"_coverageSchema":"1a1c01bbd47fc00a2c39e90264f33305004495a9","hash":"addacc2e69415ecfd9feb6cd970755621ac85a18"}
,"/Users/pavelmakarov/Documents/GitHub/weatherAPI_18_11_2023/src/library.js": {"path":"/Users/pavelmakarov/Documents/GitHub/weatherAPI_18_11_2023/src/library.js","statementMap":{"0":{"start":{"line":1,"column":12},"end":{"line":1,"column":46}},"1":{"start":{"line":2,"column":24},"end":{"line":2,"column":51}},"2":{"start":{"line":3,"column":24},"end":{"line":3,"column":52}},"3":{"start":{"line":4,"column":0},"end":{"line":4,"column":39}},"4":{"start":{"line":5,"column":19},"end":{"line":5,"column":26}},"5":{"start":{"line":6,"column":25},"end":{"line":6,"column":35}}},"fnMap":{},"branchMap":{},"s":{"0":1,"1":1,"2":1,"3":1,"4":1,"5":1},"f":{},"b":{},"_coverageSchema":"1a1c01bbd47fc00a2c39e90264f33305004495a9","hash":"78314efaa957e3aec6b756d1712e41309d325bef"}
,"/Users/pavelmakarov/Documents/GitHub/weatherAPI_18_11_2023/src/showWeather.js": {"path":"/Users/pavelmakarov/Documents/GitHub/weatherAPI_18_11_2023/src/showWeather.js","statementMap":{"0":{"start":{"line":12,"column":21},"end":{"line":12,"column":53}},"1":{"start":{"line":13,"column":0},"end":{"line":13,"column":33}},"2":{"start":{"line":14,"column":0},"end":{"line":14,"column":40}},"3":{"start":{"line":15,"column":0},"end":{"line":15,"column":35}},"4":{"start":{"line":16,"column":27},"end":{"line":63,"column":1}},"5":{"start":{"line":17,"column":2},"end":{"line":17,"column":33}},"6":{"start":{"line":18,"column":14},"end":{"line":18,"column":43}},"7":{"start":{"line":19,"column":2},"end":{"line":19,"column":17}},"8":{"start":{"line":20,"column":2},"end":{"line":20,"column":24}},"9":{"start":{"line":21,"column":16},"end":{"line":21,"column":47}},"10":{"start":{"line":22,"column":2},"end":{"line":22,"column":35}},"11":{"start":{"line":23,"column":2},"end":{"line":23,"column":25}},"12":{"start":{"line":24,"column":17},"end":{"line":24,"column":49}},"13":{"start":{"line":25,"column":2},"end":{"line":25,"column":36}},"14":{"start":{"line":26,"column":2},"end":{"line":26,"column":26}},"15":{"start":{"line":27,"column":19},"end":{"line":27,"column":47}},"16":{"start":{"line":28,"column":2},"end":{"line":28,"column":28}},"17":{"start":{"line":29,"column":2},"end":{"line":29,"column":30}},"18":{"start":{"line":30,"column":2},"end":{"line":30,"column":35}},"19":{"start":{"line":31,"column":2},"end":{"line":31,"column":35}},"20":{"start":{"line":32,"column":15},"end":{"line":32,"column":41}},"21":{"start":{"line":33,"column":24},"end":{"line":33,"column":56}},"22":{"start":{"line":34,"column":2},"end":{"line":47,"column":3}},"23":{"start":{"line":35,"column":4},"end":{"line":44,"column":5}},"24":{"start":{"line":36,"column":6},"end":{"line":36,"column":66}},"25":{"start":{"line":37,"column":6},"end":{"line":37,"column":44}},"26":{"start":{"line":39,"column":6},"end":{"line":42,"column":8}},"27":{"start":{"line":43,"column":6},"end":{"line":43,"column":44}},"28":{"start":{"line":46,"column":4},"end":{"line":46,"column":52}},"29":{"start":{"line":48,"column":2},"end":{"line":48,"column":17}},"30":{"start":{"line":49,"column":17},"end":{"line":49,"column":19}},"31":{"start":{"line":50,"column":2},"end":{"line":62,"column":5}},"32":{"start":{"line":51,"column":18},"end":{"line":51,"column":29}},"33":{"start":{"line":52,"column":4},"end":{"line":52,"column":21}},"34":{"start":{"line":54,"column":4},"end":{"line":56,"column":5}},"35":{"start":{"line":54,"column":17},"end":{"line":54,"column":18}},"36":{"start":{"line":55,"column":6},"end":{"line":55,"column":36}},"37":{"start":{"line":57,"column":4},"end":{"line":61,"column":5}},"38":{"start":{"line":58,"column":6},"end":{"line":58,"column":56}},"39":{"start":{"line":60,"column":6},"end":{"line":60,"column":47}}},"fnMap":{"0":{"name":"(anonymous_0)","decl":{"start":{"line":16,"column":27},"end":{"line":16,"column":28}},"loc":{"start":{"line":16,"column":47},"end":{"line":63,"column":1}},"line":16},"1":{"name":"(anonymous_1)","decl":{"start":{"line":50,"column":35},"end":{"line":50,"column":36}},"loc":{"start":{"line":50,"column":47},"end":{"line":62,"column":3}},"line":50}},"branchMap":{"0":{"loc":{"start":{"line":34,"column":2},"end":{"line":47,"column":3}},"type":"if","locations":[{"start":{"line":34,"column":2},"end":{"line":47,"column":3}},{"start":{"line":45,"column":9},"end":{"line":47,"column":3}}],"line":34},"1":{"loc":{"start":{"line":35,"column":4},"end":{"line":44,"column":5}},"type":"if","locations":[{"start":{"line":35,"column":4},"end":{"line":44,"column":5}},{"start":{"line":38,"column":11},"end":{"line":44,"column":5}}],"line":35},"2":{"loc":{"start":{"line":57,"column":4},"end":{"line":61,"column":5}},"type":"if","locations":[{"start":{"line":57,"column":4},"end":{"line":61,"column":5}},{"start":{"line":59,"column":11},"end":{"line":61,"column":5}}],"line":57}},"s":{"0":1,"1":1,"2":1,"3":1,"4":1,"5":4,"6":4,"7":4,"8":4,"9":4,"10":4,"11":4,"12":4,"13":4,"14":4,"15":4,"16":4,"17":4,"18":4,"19":4,"20":4,"21":4,"22":4,"23":3,"24":0,"25":0,"26":3,"27":3,"28":1,"29":4,"30":4,"31":4,"32":0,"33":0,"34":0,"35":0,"36":0,"37":0,"38":0,"39":0},"f":{"0":4,"1":0},"b":{"0":[3,1],"1":[0,3],"2":[0,0]},"_coverageSchema":"1a1c01bbd47fc00a2c39e90264f33305004495a9","hash":"bf7f53104f436b6c757ad512838b9086e71da222"}
,"/Users/pavelmakarov/Documents/GitHub/weatherAPI_18_11_2023/src/showWeatherAndMapInSelector.js": {"path":"/Users/pavelmakarov/Documents/GitHub/weatherAPI_18_11_2023/src/showWeatherAndMapInSelector.js","statementMap":{"0":{"start":{"line":4,"column":43},"end":{"line":21,"column":1}},"1":{"start":{"line":5,"column":18},"end":{"line":5,"column":40}},"2":{"start":{"line":6,"column":19},"end":{"line":15,"column":23}},"3":{"start":{"line":9,"column":19},"end":{"line":9,"column":29}},"4":{"start":{"line":10,"column":17},"end":{"line":10,"column":27}},"5":{"start":{"line":11,"column":17},"end":{"line":11,"column":38}},"6":{"start":{"line":12,"column":17},"end":{"line":12,"column":35}},"7":{"start":{"line":13,"column":17},"end":{"line":13,"column":28}},"8":{"start":{"line":14,"column":17},"end":{"line":14,"column":24}},"9":{"start":{"line":15,"column":17},"end":{"line":15,"column":22}},"10":{"start":{"line":16,"column":2},"end":{"line":18,"column":87}},"11":{"start":{"line":19,"column":2},"end":{"line":19,"column":63}},"12":{"start":{"line":19,"column":50},"end":{"line":19,"column":60}},"13":{"start":{"line":20,"column":2},"end":{"line":20,"column":17}}},"fnMap":{"0":{"name":"(anonymous_0)","decl":{"start":{"line":4,"column":43},"end":{"line":4,"column":44}},"loc":{"start":{"line":4,"column":59},"end":{"line":21,"column":1}},"line":4},"1":{"name":"(anonymous_1)","decl":{"start":{"line":9,"column":10},"end":{"line":9,"column":11}},"loc":{"start":{"line":9,"column":19},"end":{"line":9,"column":29}},"line":9},"2":{"name":"(anonymous_2)","decl":{"start":{"line":10,"column":10},"end":{"line":10,"column":11}},"loc":{"start":{"line":10,"column":17},"end":{"line":10,"column":27}},"line":10},"3":{"name":"(anonymous_3)","decl":{"start":{"line":11,"column":10},"end":{"line":11,"column":11}},"loc":{"start":{"line":11,"column":17},"end":{"line":11,"column":38}},"line":11},"4":{"name":"(anonymous_4)","decl":{"start":{"line":12,"column":10},"end":{"line":12,"column":11}},"loc":{"start":{"line":12,"column":17},"end":{"line":12,"column":35}},"line":12},"5":{"name":"(anonymous_5)","decl":{"start":{"line":13,"column":10},"end":{"line":13,"column":11}},"loc":{"start":{"line":13,"column":17},"end":{"line":13,"column":28}},"line":13},"6":{"name":"(anonymous_6)","decl":{"start":{"line":14,"column":10},"end":{"line":14,"column":11}},"loc":{"start":{"line":14,"column":17},"end":{"line":14,"column":24}},"line":14},"7":{"name":"(anonymous_7)","decl":{"start":{"line":15,"column":10},"end":{"line":15,"column":11}},"loc":{"start":{"line":15,"column":17},"end":{"line":15,"column":22}},"line":15},"8":{"name":"(anonymous_8)","decl":{"start":{"line":19,"column":42},"end":{"line":19,"column":43}},"loc":{"start":{"line":19,"column":50},"end":{"line":19,"column":60}},"line":19}},"branchMap":{},"s":{"0":1,"1":3,"2":0,"3":0,"4":0,"5":0,"6":0,"7":0,"8":0,"9":0,"10":0,"11":0,"12":0,"13":0},"f":{"0":3,"1":0,"2":0,"3":0,"4":0,"5":0,"6":0,"7":0,"8":0},"b":{},"_coverageSchema":"1a1c01bbd47fc00a2c39e90264f33305004495a9","hash":"8c4f1ab1c78cc4657ea374bcf8c39988ac421e06"}
,"/Users/pavelmakarov/Documents/GitHub/weatherAPI_18_11_2023/src/showWeatherCityButton.js": {"path":"/Users/pavelmakarov/Documents/GitHub/weatherAPI_18_11_2023/src/showWeatherCityButton.js","statementMap":{"0":{"start":{"line":8,"column":37},"end":{"line":13,"column":1}},"1":{"start":{"line":9,"column":2},"end":{"line":12,"column":5}},"2":{"start":{"line":10,"column":4},"end":{"line":10,"column":75}},"3":{"start":{"line":11,"column":4},"end":{"line":11,"column":51}}},"fnMap":{"0":{"name":"(anonymous_0)","decl":{"start":{"line":8,"column":37},"end":{"line":8,"column":38}},"loc":{"start":{"line":8,"column":68},"end":{"line":13,"column":1}},"line":8},"1":{"name":"(anonymous_1)","decl":{"start":{"line":9,"column":37},"end":{"line":9,"column":38}},"loc":{"start":{"line":9,"column":49},"end":{"line":12,"column":3}},"line":9}},"branchMap":{},"s":{"0":1,"1":10,"2":0,"3":0},"f":{"0":10,"1":0},"b":{},"_coverageSchema":"1a1c01bbd47fc00a2c39e90264f33305004495a9","hash":"cc903364f4171ecd5895da61987681223d589836"}
,"/Users/pavelmakarov/Documents/GitHub/weatherAPI_18_11_2023/src/storage.js": {"path":"/Users/pavelmakarov/Documents/GitHub/weatherAPI_18_11_2023/src/storage.js","statementMap":{"0":{"start":{"line":1,"column":24},"end":{"line":3,"column":1}},"1":{"start":{"line":2,"column":2},"end":{"line":2,"column":58}},"2":{"start":{"line":4,"column":24},"end":{"line":7,"column":1}},"3":{"start":{"line":5,"column":15},"end":{"line":5,"column":47}},"4":{"start":{"line":6,"column":2},"end":{"line":6,"column":47}}},"fnMap":{"0":{"name":"(anonymous_0)","decl":{"start":{"line":1,"column":24},"end":{"line":1,"column":25}},"loc":{"start":{"line":1,"column":47},"end":{"line":3,"column":1}},"line":1},"1":{"name":"(anonymous_1)","decl":{"start":{"line":4,"column":24},"end":{"line":4,"column":25}},"loc":{"start":{"line":4,"column":46},"end":{"line":7,"column":1}},"line":4}},"branchMap":{"0":{"loc":{"start":{"line":6,"column":9},"end":{"line":6,"column":46}},"type":"cond-expr","locations":[{"start":{"line":6,"column":25},"end":{"line":6,"column":27}},{"start":{"line":6,"column":30},"end":{"line":6,"column":46}}],"line":6}},"s":{"0":1,"1":4,"2":1,"3":16,"4":16},"f":{"0":4,"1":16},"b":{"0":[10,6]},"_coverageSchema":"1a1c01bbd47fc00a2c39e90264f33305004495a9","hash":"ae840000a1a34be2048b868dcef40cf3e2822e1c"}
,"/Users/pavelmakarov/Documents/GitHub/weatherAPI_18_11_2023/src/ymaps.js": {"path":"/Users/pavelmakarov/Documents/GitHub/weatherAPI_18_11_2023/src/ymaps.js","statementMap":{"0":{"start":{"line":5,"column":2},"end":{"line":5,"column":21}},"1":{"start":{"line":7,"column":43},"end":{"line":7,"column":49}},"2":{"start":{"line":10,"column":14},"end":{"line":24,"column":3}},"3":{"start":{"line":27,"column":2},"end":{"line":27,"column":45}}},"fnMap":{"0":{"name":"initMap","decl":{"start":{"line":3,"column":22},"end":{"line":3,"column":29}},"loc":{"start":{"line":3,"column":40},"end":{"line":28,"column":1}},"line":3}},"branchMap":{},"s":{"0":0,"1":0,"2":0,"3":0},"f":{"0":0},"b":{},"_coverageSchema":"1a1c01bbd47fc00a2c39e90264f33305004495a9","hash":"5ebf2e25a9739d0e75d49fde3b9614c86ccc6c1e"}
}
